<?xml version="1.0" encoding="UTF-8"?>
<!-- Generated by org.testng.reporters.JUnitReportReporter -->
<testsuite skipped="1" hostname="DESKTOP-NS9DBE9" name="Day11.Guru99Project" tests="2" failures="0" timestamp="25 Feb 2019 12:47:21 GMT" time="0.017" errors="0">
  <testcase name="verifyTitleOfThePage" time="0.017" classname="Day11.Guru99Project"/>
  <testcase name="verifyLogInWithCorrectCredentials" classname="Day11.Guru99Project">
    <skipped/>
  </testcase> <!-- verifyLogInWithCorrectCredentials -->
</testsuite> <!-- Day11.Guru99Project -->
