<?xml version="1.0" encoding="UTF-8"?>
<!-- Generated by org.testng.reporters.JUnitReportReporter -->
<testsuite skipped="0" hostname="DESKTOP-NS9DBE9" name="Day11.TestNgTesting2" tests="1" failures="0" timestamp="25 Feb 2019 13:23:45 GMT" time="0.007" errors="0">
  <testcase name="verifyingExpectedException" time="0.007" classname="Day11.TestNgTesting2"/>
</testsuite> <!-- Day11.TestNgTesting2 -->
