<?xml version="1.0" encoding="UTF-8"?>
<!-- Generated by org.testng.reporters.JUnitReportReporter -->
<testsuite skipped="1" hostname="DESKTOP-NS9DBE9" name="Day11.TestNgTesting" tests="6" failures="0" timestamp="25 Feb 2019 11:45:10 GMT" time="0.022" errors="0">
  <testcase name="testCase9" time="0.008" classname="Day11.TestNgTesting"/>
  <testcase name="testCase1" time="0.004" classname="Day11.TestNgTesting"/>
  <testcase name="testCase5" time="0.002" classname="Day11.TestNgTesting"/>
  <testcase name="testCase2" time="0.005" classname="Day11.TestNgTesting"/>
  <testcase name="testCase4" time="0.003" classname="Day11.TestNgTesting"/>
  <testcase name="testCase10" classname="Day11.TestNgTesting">
    <skipped/>
  </testcase> <!-- testCase10 -->
</testsuite> <!-- Day11.TestNgTesting -->
